<?xml version="1.0" encoding="UTF-8"?>
<!-- Generated by org.testng.reporters.JUnitReportReporter -->
<testsuite hostname="KELLGGNLPTP1576" failures="0" tests="1" name="Com.AppiumFirst_Project.Com.AppiumFirst_Project.APIDemos_Locators" time="7.420" errors="0" timestamp="2023-08-17T12:18:45 IST" skipped="0">
  <testcase classname="Com.AppiumFirst_Project.Com.AppiumFirst_Project.APIDemos_Locators" name="LongPress_Getures" time="7.420"/>
</testsuite> <!-- Com.AppiumFirst_Project.Com.AppiumFirst_Project.APIDemos_Locators -->
