<?xml version="1.0" encoding="UTF-8"?>
<!-- Generated by org.testng.reporters.JUnitReportReporter -->
<testsuite hostname="KELLGGNLPTP1576" failures="0" tests="1" name="EComm_Udermy.ecommerce_TC_2" time="32.577" errors="0" timestamp="2024-01-11T19:08:37 IST" skipped="0">
  <testcase classname="EComm_Udermy.ecommerce_TC_2" name="fillForm" time="32.577"/>
</testsuite> <!-- EComm_Udermy.ecommerce_TC_2 -->
