<?xml version="1.0" encoding="UTF-8"?>
<!-- Generated by org.testng.reporters.JUnitReportReporter -->
<testsuite hostname="KELLGGNLPTP1576" failures="0" tests="1" name="Com.AppiumFirst_Project.Com.AppiumFirst_Project.sampleBaseClass" time="40.736" errors="0" timestamp="2023-08-01T13:38:43 IST" skipped="0">
  <testcase classname="Com.AppiumFirst_Project.Com.AppiumFirst_Project.sampleBaseClass" name="AppiumTest" time="40.736"/>
</testsuite> <!-- Com.AppiumFirst_Project.Com.AppiumFirst_Project.sampleBaseClass -->
