<?xml version="1.0" encoding="UTF-8"?>
<!-- Generated by org.testng.reporters.JUnitReportReporter -->
<testsuite hostname="KELLGGNLPTP1576" failures="0" tests="2" name="Com.AppiumFirst_Project.Com.AppiumFirst_Project.ScreenRotationAction" time="53.491" errors="1" timestamp="2023-08-28T12:53:20 IST" skipped="1">
  <testcase classname="Com.AppiumFirst_Project.Com.AppiumFirst_Project.ScreenRotationAction" name="miscellniousAction" time="0.001">
    <skipped/>
  </testcase> <!-- miscellniousAction -->
  <testcase classname="Com.AppiumFirst_Project.Com.AppiumFirst_Project.ScreenRotationAction" name="AppiumTest" time="53.490">
    <error message="Could not start a new session. Response code 500. Message: An unknown server-side error occurred while processing the command. Original error: Error executing adbExec. Original error: &#039;Command &#039;C:\\Users\\rohit.kumar2\\AppData\\Local\\Android\\Sdk\\platform-tools\\adb.exe -P 5037 -s emulator-5554 install -r --no-incremental C:\\Users\\rohit.kumar2\\.appium\\node_modules\\appium-uiautomator2-driver\\node_modules\\appium-uiautomator2-server\\apks\\appium-uiautomator2-server-v5.12.0.apk&#039; exited with code 1&#039;; Command output: adb: failed to install C:\Users\rohit.kumar2\.appium\node_modules\appium-uiautomator2-driver\node_modules\appium-uiautomator2-server\apks\appium-uiautomator2-server-v5.12.0.apk:  
Host info: host: &#039;KELLGGNLPTP1576&#039;, ip: &#039;192.168.13.214&#039;
Build info: version: &#039;4.10.0&#039;, revision: &#039;c14d967899&#039;
System info: os.name: &#039;Windows 10&#039;, os.arch: &#039;amd64&#039;, os.version: &#039;10.0&#039;, java.version: &#039;17.0.7&#039;
Driver info: io.appium.java_client.android.AndroidDriver
Command: [null, newSession {capabilities=[{appium:deviceName=RohitEmulator1, platformName=ANDROID, appium:automationName=UIAutomator2, appium:app=C:\Users\rohit.kumar2\eclipse-workspace\Com.AppiumFirst_Project\APK_FIles\ApiDemos-debug.apk, appium:platformVersion=11.0}], desiredCapabilities=Capabilities {appium:app: C:\Users\rohit.kumar2\eclip..., appium:automationName: UIAutomator2, appium:deviceName: RohitEmulator1, appium:platformVersion: 11.0, platformName: ANDROID}}]
Capabilities {appium:app: C:\Users\rohit.kumar2\eclip..., appium:automationName: UIAutomator2, appium:deviceName: RohitEmulator1, appium:platformVersion: 11.0, platformName: ANDROID}" type="org.openqa.selenium.SessionNotCreatedException">
      <![CDATA[org.openqa.selenium.SessionNotCreatedException: Could not start a new session. Response code 500. Message: An unknown server-side error occurred while processing the command. Original error: Error executing adbExec. Original error: 'Command 'C:\\Users\\rohit.kumar2\\AppData\\Local\\Android\\Sdk\\platform-tools\\adb.exe -P 5037 -s emulator-5554 install -r --no-incremental C:\\Users\\rohit.kumar2\\.appium\\node_modules\\appium-uiautomator2-driver\\node_modules\\appium-uiautomator2-server\\apks\\appium-uiautomator2-server-v5.12.0.apk' exited with code 1'; Command output: adb: failed to install C:\Users\rohit.kumar2\.appium\node_modules\appium-uiautomator2-driver\node_modules\appium-uiautomator2-server\apks\appium-uiautomator2-server-v5.12.0.apk:  
Host info: host: 'KELLGGNLPTP1576', ip: '192.168.13.214'
Build info: version: '4.10.0', revision: 'c14d967899'
System info: os.name: 'Windows 10', os.arch: 'amd64', os.version: '10.0', java.version: '17.0.7'
Driver info: io.appium.java_client.android.AndroidDriver
Command: [null, newSession {capabilities=[{appium:deviceName=RohitEmulator1, platformName=ANDROID, appium:automationName=UIAutomator2, appium:app=C:\Users\rohit.kumar2\eclipse-workspace\Com.AppiumFirst_Project\APK_FIles\ApiDemos-debug.apk, appium:platformVersion=11.0}], desiredCapabilities=Capabilities {appium:app: C:\Users\rohit.kumar2\eclip..., appium:automationName: UIAutomator2, appium:deviceName: RohitEmulator1, appium:platformVersion: 11.0, platformName: ANDROID}}]
Capabilities {appium:app: C:\Users\rohit.kumar2\eclip..., appium:automationName: UIAutomator2, appium:deviceName: RohitEmulator1, appium:platformVersion: 11.0, platformName: ANDROID}
at org.openqa.selenium.remote.ProtocolHandshake.createSession(ProtocolHandshake.java:140)
at java.base/jdk.internal.reflect.NativeMethodAccessorImpl.invoke0(Native Method)
at java.base/jdk.internal.reflect.NativeMethodAccessorImpl.invoke(NativeMethodAccessorImpl.java:77)
at java.base/jdk.internal.reflect.DelegatingMethodAccessorImpl.invoke(DelegatingMethodAccessorImpl.java:43)
at java.base/java.lang.reflect.Method.invoke(Method.java:568)
at io.appium.java_client.remote.AppiumProtocolHandshake.createSession(AppiumProtocolHandshake.java:133)
at io.appium.java_client.remote.AppiumProtocolHandshake.createSession(AppiumProtocolHandshake.java:102)
at io.appium.java_client.remote.AppiumCommandExecutor.createSession(AppiumCommandExecutor.java:182)
at io.appium.java_client.remote.AppiumCommandExecutor.execute(AppiumCommandExecutor.java:250)
at org.openqa.selenium.remote.RemoteWebDriver.execute(RemoteWebDriver.java:531)
at io.appium.java_client.AppiumDriver.startSession(AppiumDriver.java:274)
at org.openqa.selenium.remote.RemoteWebDriver.<init>(RemoteWebDriver.java:154)
at io.appium.java_client.AppiumDriver.<init>(AppiumDriver.java:89)
at io.appium.java_client.AppiumDriver.<init>(AppiumDriver.java:101)
at io.appium.java_client.android.AndroidDriver.<init>(AndroidDriver.java:113)
at Com.AppiumFirst_Project.Com.AppiumFirst_Project.BAse.AppiumTest(BAse.java:41)
at java.base/jdk.internal.reflect.NativeMethodAccessorImpl.invoke0(Native Method)
at java.base/jdk.internal.reflect.NativeMethodAccessorImpl.invoke(NativeMethodAccessorImpl.java:77)
at java.base/jdk.internal.reflect.DelegatingMethodAccessorImpl.invoke(DelegatingMethodAccessorImpl.java:43)
at java.base/java.lang.reflect.Method.invoke(Method.java:568)
at org.testng.internal.invokers.MethodInvocationHelper.invokeMethod(MethodInvocationHelper.java:139)
at org.testng.internal.invokers.MethodInvocationHelper.invokeMethodConsideringTimeout(MethodInvocationHelper.java:69)
at org.testng.internal.invokers.ConfigInvoker.invokeConfigurationMethod(ConfigInvoker.java:390)
at org.testng.internal.invokers.ConfigInvoker.invokeConfigurations(ConfigInvoker.java:325)
at org.testng.internal.invokers.TestMethodWorker.invokeBeforeClassMethods(TestMethodWorker.java:180)
at org.testng.internal.invokers.TestMethodWorker.run(TestMethodWorker.java:122)
at java.base/java.util.ArrayList.forEach(ArrayList.java:1511)
at org.testng.TestRunner.privateRun(TestRunner.java:848)
at org.testng.TestRunner.run(TestRunner.java:621)
at org.testng.SuiteRunner.runTest(SuiteRunner.java:443)
at org.testng.SuiteRunner.runSequentially(SuiteRunner.java:437)
at org.testng.SuiteRunner.privateRun(SuiteRunner.java:397)
at org.testng.SuiteRunner.run(SuiteRunner.java:336)
at org.testng.SuiteRunnerWorker.runSuite(SuiteRunnerWorker.java:52)
at org.testng.SuiteRunnerWorker.run(SuiteRunnerWorker.java:95)
at org.testng.TestNG.runSuitesSequentially(TestNG.java:1280)
at org.testng.TestNG.runSuitesLocally(TestNG.java:1200)
at org.testng.TestNG.runSuites(TestNG.java:1114)
at org.testng.TestNG.run(TestNG.java:1082)
at org.testng.remote.AbstractRemoteTestNG.run(AbstractRemoteTestNG.java:115)
at org.testng.remote.RemoteTestNG.initAndRun(RemoteTestNG.java:251)
at org.testng.remote.RemoteTestNG.main(RemoteTestNG.java:77)
]]>
    </error>
  </testcase> <!-- AppiumTest -->
</testsuite> <!-- Com.AppiumFirst_Project.Com.AppiumFirst_Project.ScreenRotationAction -->
